00:32:47.765 [TestNG-tests-1] DEBUG tpack.RegisterAccountTest - Navigated to application URL
00:32:47.833 [TestNG-tests-1] DEBUG tpack.RegisterAccountTest - Clicked on myAccount Dropdown
00:32:48.090 [TestNG-tests-1] DEBUG tpack.RegisterAccountTest - Clicked on login option
00:32:48.193 [TestNG-tests-1] DEBUG tpack.RegisterAccountTest - Email address got entered
00:32:48.289 [TestNG-tests-1] DEBUG tpack.RegisterAccountTest - Password address got entered
00:32:48.771 [TestNG-tests-1] DEBUG tpack.RegisterAccountTest - Clicked on login button
00:32:48.854 [TestNG-tests-1] DEBUG tpack.RegisterAccountTest - Search address got entered
00:32:49.147 [TestNG-tests-1] DEBUG tpack.RegisterAccountTest - Clicke on search button
00:32:50.287 [TestNG-tests-1] DEBUG tpack.RegisterAccountTest - Clicked on iphone
00:32:50.349 [TestNG-tests-1] DEBUG tpack.RegisterAccountTest - Quantity address got cleaned
00:32:50.411 [TestNG-tests-1] DEBUG tpack.RegisterAccountTest - Quantity address got entered
00:32:50.513 [TestNG-tests-1] DEBUG tpack.RegisterAccountTest - Clicked on add to cart button
00:32:50.803 [TestNG-tests-1] DEBUG tpack.RegisterAccountTest - Clicked on shoping cart 
00:32:51.050 [TestNG-tests-1] DEBUG tpack.RegisterAccountTest - Clicked on check out
00:32:54.142 [TestNG-tests-1] DEBUG tpack.RegisterAccountTest - Clicked on new address radio button
00:32:54.227 [TestNG-tests-1] DEBUG tpack.RegisterAccountTest - First name address got entered
00:32:54.304 [TestNG-tests-1] DEBUG tpack.RegisterAccountTest - Last name address got entered
00:32:54.403 [TestNG-tests-1] DEBUG tpack.RegisterAccountTest - Address 1  address got entered
00:32:54.495 [TestNG-tests-1] DEBUG tpack.RegisterAccountTest - Address 2  address got entered
00:32:54.581 [TestNG-tests-1] DEBUG tpack.RegisterAccountTest - City address got entered
00:32:54.671 [TestNG-tests-1] DEBUG tpack.RegisterAccountTest - Postal code address got entered
00:32:58.190 [TestNG-tests-1] DEBUG tpack.RegisterAccountTest - Country address got entered
00:33:00.459 [TestNG-tests-1] DEBUG tpack.RegisterAccountTest - Region address got entered
00:33:00.534 [TestNG-tests-1] DEBUG tpack.RegisterAccountTest - Clicked on Continue button
00:33:03.596 [TestNG-tests-1] DEBUG tpack.RegisterAccountTest - Clicked on continue delivery details button
00:33:04.041 [TestNG-tests-1] DEBUG tpack.RegisterAccountTest - Clicked on continue shiping button
00:33:06.127 [TestNG-tests-1] DEBUG tpack.RegisterAccountTest - Clicked on terms and conditions
00:33:06.202 [TestNG-tests-1] DEBUG tpack.RegisterAccountTest - Clicked on continue pyment button
00:33:06.669 [TestNG-tests-1] DEBUG tpack.RegisterAccountTest - Clicked on confirm order button
00:33:07.396 [TestNG-tests-1] DEBUG tpack.RegisterAccountTest - Clicked on continue 
00:33:07.397 [TestNG-tests-1] INFO  tpack.RegisterAccountTest - Booking order tests got passes
00:33:07.497 [TestNG-tests-1] DEBUG tpack.RegisterAccountTest - Browser got closed
00:33:08.991 [TestNG-tests-1] DEBUG stepdefinitions.Login - Browser got lunched
00:33:10.297 [TestNG-tests-1] DEBUG stepdefinitions.Login - Navigate to the application Url
00:33:10.362 [TestNG-tests-1] DEBUG stepdefinitions.Login - Clicked on myAccounnt dropdown
00:33:10.628 [TestNG-tests-1] DEBUG stepdefinitions.Login - Clicked on login Option
00:33:10.734 [TestNG-tests-1] DEBUG stepdefinitions.Login - Email address field got entered
00:33:10.820 [TestNG-tests-1] DEBUG stepdefinitions.Login - Password address field got entered
00:33:11.234 [TestNG-tests-1] DEBUG stepdefinitions.Login - Clicked on login button
00:33:11.277 [TestNG-tests-1] INFO  stepdefinitions.Login - Account edit option got displayed
00:33:12.750 [TestNG-tests-1] DEBUG stepdefinitions.Login - Browser got lunched
00:33:14.083 [TestNG-tests-1] DEBUG stepdefinitions.Login - Navigate to the application Url
00:33:14.147 [TestNG-tests-1] DEBUG stepdefinitions.Login - Clicked on myAccounnt dropdown
00:33:14.402 [TestNG-tests-1] DEBUG stepdefinitions.Login - Clicked on login Option
00:33:14.503 [TestNG-tests-1] DEBUG stepdefinitions.Login - Email address field got entered
00:33:14.588 [TestNG-tests-1] DEBUG stepdefinitions.Login - Password address field got entered
00:33:15.016 [TestNG-tests-1] DEBUG stepdefinitions.Login - Clicked on login button
00:33:15.059 [TestNG-tests-1] INFO  stepdefinitions.Login - Account edit option got displayed
00:33:15.144 [TestNG-tests-1] DEBUG stepdefinitions.Login - Browser got closed
00:33:16.074 [TestNG-tests-1] DEBUG stepdefinitions.Login - Browser got lunched
00:33:17.105 [TestNG-tests-1] DEBUG stepdefinitions.Login - Navigate to the application Url
00:33:17.169 [TestNG-tests-1] DEBUG stepdefinitions.Login - Clicked on myAccounnt dropdown
00:33:17.481 [TestNG-tests-1] DEBUG stepdefinitions.Login - Clicked on login Option
00:33:17.582 [TestNG-tests-1] DEBUG stepdefinitions.Login - Email address field got entered
00:33:17.658 [TestNG-tests-1] DEBUG stepdefinitions.Login - Password address field got entered
00:33:17.886 [TestNG-tests-1] DEBUG stepdefinitions.Login - Clicked on login button
00:33:17.941 [TestNG-tests-1] INFO  stepdefinitions.Login - Login breadcrumb got displayed
00:33:17.978 [TestNG-tests-1] INFO  stepdefinitions.Login - Warring message got displayed
00:33:18.080 [TestNG-tests-1] DEBUG stepdefinitions.Login - Browser got closed
00:33:19.085 [TestNG-tests-1] DEBUG stepdefinitions.Login - Browser got lunched
00:33:20.231 [TestNG-tests-1] DEBUG stepdefinitions.Login - Navigate to the application Url
00:33:20.294 [TestNG-tests-1] DEBUG stepdefinitions.Login - Clicked on myAccounnt dropdown
00:33:20.555 [TestNG-tests-1] DEBUG stepdefinitions.Login - Clicked on login Option
00:33:20.671 [TestNG-tests-1] DEBUG stepdefinitions.Login - Email address field got entered
00:33:20.759 [TestNG-tests-1] DEBUG stepdefinitions.Login - Password address field got entered
00:33:20.993 [TestNG-tests-1] DEBUG stepdefinitions.Login - Clicked on login button
00:33:21.049 [TestNG-tests-1] INFO  stepdefinitions.Login - Login breadcrumb got displayed
00:33:21.086 [TestNG-tests-1] INFO  stepdefinitions.Login - Warring message got displayed
00:33:21.224 [TestNG-tests-1] DEBUG stepdefinitions.Login - Browser got closed
00:33:22.140 [TestNG-tests-1] DEBUG stepdefinitions.Login - Browser got lunched
00:33:23.271 [TestNG-tests-1] DEBUG stepdefinitions.Login - Navigate to the application Url
00:33:23.332 [TestNG-tests-1] DEBUG stepdefinitions.Login - Clicked on myAccounnt dropdown
00:33:23.627 [TestNG-tests-1] DEBUG stepdefinitions.Login - Clicked on login Option
00:33:23.731 [TestNG-tests-1] DEBUG stepdefinitions.Login - Email address field got entered
00:33:23.820 [TestNG-tests-1] DEBUG stepdefinitions.Login - Password address field got entered
00:33:24.051 [TestNG-tests-1] DEBUG stepdefinitions.Login - Clicked on login button
00:33:24.106 [TestNG-tests-1] INFO  stepdefinitions.Login - Login breadcrumb got displayed
00:33:24.138 [TestNG-tests-1] INFO  stepdefinitions.Login - Warring message got displayed
00:33:24.245 [TestNG-tests-1] DEBUG stepdefinitions.Login - Browser got closed
00:33:25.228 [TestNG-tests-1] DEBUG stepdefinitions.Login - Browser got lunched
00:33:27.921 [TestNG-tests-1] DEBUG stepdefinitions.Login - Navigate to the application Url
00:33:27.990 [TestNG-tests-1] DEBUG stepdefinitions.Login - Clicked on myAccounnt dropdown
00:33:28.335 [TestNG-tests-1] DEBUG stepdefinitions.Login - Clicked on login Option
00:33:28.616 [TestNG-tests-1] DEBUG stepdefinitions.Login - Clicked on login button
00:33:28.673 [TestNG-tests-1] INFO  stepdefinitions.Login - Login breadcrumb got displayed
00:33:28.711 [TestNG-tests-1] INFO  stepdefinitions.Login - Warring message got displayed
00:33:28.794 [TestNG-tests-1] DEBUG stepdefinitions.Login - Browser got closed
00:33:29.705 [TestNG-tests-1] DEBUG stepdefinitions.Login - Browser got lunched
00:33:30.799 [TestNG-tests-1] DEBUG stepdefinitions.Login - Navigate to the application Url
00:33:30.871 [TestNG-tests-1] DEBUG stepdefinitions.Login - Clicked on myAccounnt dropdown
00:33:31.215 [TestNG-tests-1] DEBUG stepdefinitions.Login - Clicked on login Option
00:33:31.315 [TestNG-tests-1] DEBUG stepdefinitions.Login - Email address got entered
00:33:32.078 [TestNG-tests-1] DEBUG stepdefinitions.Login - Clicked on login button
00:33:32.132 [TestNG-tests-1] INFO  stepdefinitions.Login - Login breadcrumb got displayed
00:33:32.165 [TestNG-tests-1] INFO  stepdefinitions.Login - Warring message got displayed
00:33:32.241 [TestNG-tests-1] DEBUG stepdefinitions.Login - Browser got closed
00:33:33.142 [TestNG-tests-1] DEBUG stepdefinitions.Login - Browser got lunched
00:33:34.902 [TestNG-tests-1] DEBUG stepdefinitions.Login - Navigate to the application Url
00:33:34.964 [TestNG-tests-1] DEBUG stepdefinitions.Login - Clicked on myAccounnt dropdown
00:33:35.306 [TestNG-tests-1] DEBUG stepdefinitions.Login - Clicked on login Option
00:33:35.400 [TestNG-tests-1] DEBUG stepdefinitions.Login - Password field got entered
00:33:35.650 [TestNG-tests-1] DEBUG stepdefinitions.Login - Clicked on login button
00:33:35.699 [TestNG-tests-1] INFO  stepdefinitions.Login - Login breadcrumb got displayed
00:33:35.734 [TestNG-tests-1] INFO  stepdefinitions.Login - Warring message got displayed
00:33:35.819 [TestNG-tests-1] DEBUG stepdefinitions.Login - Browser got closed
00:33:36.739 [TestNG-tests-1] DEBUG stepdefinitions.Login - Browser got lunched
00:33:38.086 [TestNG-tests-1] DEBUG stepdefinitions.Login - Navigate to the application Url
00:33:38.153 [TestNG-tests-1] DEBUG stepdefinitions.Login - Clicked on myAccounnt dropdown
00:33:38.442 [TestNG-tests-1] DEBUG stepdefinitions.Login - Clicked on login Option
00:33:38.710 [TestNG-tests-1] DEBUG stepdefinitions.Login - Clicked on forgot password button
00:33:38.755 [TestNG-tests-1] INFO  stepdefinitions.Login - Forgotten password breadcrumb got displayed
00:33:38.851 [TestNG-tests-1] DEBUG stepdefinitions.Login - Email address field got entered
